<?xml version="1.0" encoding="UTF-8"?>
<!-- Generated by org.testng.reporters.JUnitReportReporter -->
<testsuite hostname="Ranjith" failures="0" tests="4" name="com.lao.testcases.TC_004_FinishCheckOutAndGetCOInfo" time="2.783" errors="0" timestamp="2025-01-27T16:19:33 IST" skipped="0">
  <testcase classname="com.lao.testcases.TC_004_FinishCheckOutAndGetCOInfo" name="addProductFromInventoryPage" time="0.929"/>
  <testcase classname="com.lao.testcases.TC_004_FinishCheckOutAndGetCOInfo" name="performCheckOutStepOne" time="0.929"/>
  <testcase classname="com.lao.testcases.TC_004_FinishCheckOutAndGetCOInfo" name="getCheckOutInfoFromCheckOutStepTwo" time="0.186"/>
  <testcase classname="com.lao.testcases.TC_004_FinishCheckOutAndGetCOInfo" name="clickOnFinish" time="0.739"/>
</testsuite> <!-- com.lao.testcases.TC_004_FinishCheckOutAndGetCOInfo -->
