<?xml version="1.0" encoding="UTF-8"?>
<!-- Generated by org.testng.reporters.JUnitReportReporter -->
<testsuite hostname="Ranjith" failures="0" tests="4" name="com.lao.testcases.TC_005_VerifyTheErrorMessageInCOInfo" time="2.555" errors="0" timestamp="2025-01-27T16:19:33 IST" skipped="0">
  <testcase classname="com.lao.testcases.TC_005_VerifyTheErrorMessageInCOInfo" name="verifyTheErrorMessageforFirstName" time="0.943"/>
  <testcase classname="com.lao.testcases.TC_005_VerifyTheErrorMessageInCOInfo" name="verifyTheErrorMessageforLastName" time="0.594"/>
  <testcase classname="com.lao.testcases.TC_005_VerifyTheErrorMessageInCOInfo" name="verifyTheErrorMessageforZipCode" time="0.583"/>
  <testcase classname="com.lao.testcases.TC_005_VerifyTheErrorMessageInCOInfo" name="verifyTheErrorMessageforEmptyfields" time="0.435"/>
</testsuite> <!-- com.lao.testcases.TC_005_VerifyTheErrorMessageInCOInfo -->
