<?xml version="1.0" encoding="UTF-8"?>
<!-- Generated by org.testng.reporters.JUnitReportReporter -->
<testsuite hostname="Ranjith" failures="0" tests="3" name="com.lao.loginTS.TS_002_LoginWithDiffUsername" time="8.430" errors="0" timestamp="2025-01-26T19:58:14 IST" skipped="0">
  <testcase classname="com.lao.loginTS.TS_002_LoginWithDiffUsername" name="tc_001_locked_out_user" time="0.732"/>
  <testcase classname="com.lao.loginTS.TS_002_LoginWithDiffUsername" name="tc_002_problem_user" time="1.371"/>
  <testcase classname="com.lao.loginTS.TS_002_LoginWithDiffUsername" name="tc_003_performance_glitch_user" time="6.327"/>
</testsuite> <!-- com.lao.loginTS.TS_002_LoginWithDiffUsername -->
