<?xml version="1.0" encoding="UTF-8"?>
<!-- Generated by org.testng.reporters.JUnitReportReporter -->
<testsuite hostname="Ranjith" failures="0" tests="4" name="com.lao.testcases.TC_001_LoginFunctionalities" time="4.492" errors="0" timestamp="2025-01-26T18:36:22 IST" skipped="0">
  <testcase classname="com.lao.testcases.TC_001_LoginFunctionalities" name="loginWithValidUnameAndInvalidPword" time="0.819"/>
  <testcase classname="com.lao.testcases.TC_001_LoginFunctionalities" name="loginWithInValidUnameAndValidPword" time="0.581"/>
  <testcase classname="com.lao.testcases.TC_001_LoginFunctionalities" name="loginWithInValidCredentials" time="0.647"/>
  <testcase classname="com.lao.testcases.TC_001_LoginFunctionalities" name="loginWithValidCredentials" time="2.445"/>
</testsuite> <!-- com.lao.testcases.TC_001_LoginFunctionalities -->
