<?xml version="1.0" encoding="UTF-8"?>
<!-- Generated by org.testng.reporters.JUnitReportReporter -->
<testsuite hostname="Ranjith" failures="0" tests="1" name="com.lao.testcases.TC_001_LoginWithValidCredentials" time="2.745" errors="0" timestamp="2025-01-25T18:19:14 IST" skipped="0">
  <testcase classname="com.lao.testcases.TC_001_LoginWithValidCredentials" name="loginWithValidCredentials" time="2.745"/>
</testsuite> <!-- com.lao.testcases.TC_001_LoginWithValidCredentials -->
