<?xml version="1.0" encoding="UTF-8"?>
<!-- Generated by org.testng.reporters.JUnitReportReporter -->
<testsuite hostname="Ranjith" failures="0" tests="1" name="com.lao.testcases.TC_003_AddOneProductAndRemoveInCart" time="1.020" errors="0" timestamp="2025-01-27T16:19:33 IST" skipped="0">
  <testcase classname="com.lao.testcases.TC_003_AddOneProductAndRemoveInCart" name="addOneProductAndRemoveInCart" time="1.020"/>
</testsuite> <!-- com.lao.testcases.TC_003_AddOneProductAndRemoveInCart -->
