<?xml version="1.0" encoding="UTF-8"?>
<!-- Generated by org.testng.reporters.JUnitReportReporter -->
<testsuite hostname="Ranjith" failures="0" tests="4" name="com.lao.loginTS.TS_001_LoginFunctionalities" time="4.975" errors="0" timestamp="2025-01-26T19:58:14 IST" skipped="0">
  <testcase classname="com.lao.loginTS.TS_001_LoginFunctionalities" name="tc_001_loginWithValidUnameAndInvalidPword" time="0.908"/>
  <testcase classname="com.lao.loginTS.TS_001_LoginFunctionalities" name="tc_002_loginWithInValidUnameAndValidPword" time="0.795"/>
  <testcase classname="com.lao.loginTS.TS_001_LoginFunctionalities" name="tc_003_loginWithInValidCredentials" time="0.665"/>
  <testcase classname="com.lao.loginTS.TS_001_LoginFunctionalities" name="tc_004_loginWithValidCredentials" time="2.607"/>
</testsuite> <!-- com.lao.loginTS.TS_001_LoginFunctionalities -->
