<?xml version="1.0" encoding="UTF-8"?>
<!-- Generated by org.testng.reporters.JUnitReportReporter -->
<testsuite hostname="Ranjith" failures="0" tests="4" name="com.lao.testcases.TS_001_LoginFunctionalities" time="4.451" errors="0" timestamp="2025-01-26T18:38:23 IST" skipped="0">
  <testcase classname="com.lao.testcases.TS_001_LoginFunctionalities" name="tc_001_loginWithValidUnameAndInvalidPword" time="0.985"/>
  <testcase classname="com.lao.testcases.TS_001_LoginFunctionalities" name="tc_002_loginWithInValidUnameAndValidPword" time="0.625"/>
  <testcase classname="com.lao.testcases.TS_001_LoginFunctionalities" name="tc_003_loginWithInValidCredentials" time="0.690"/>
  <testcase classname="com.lao.testcases.TS_001_LoginFunctionalities" name="tc_004_loginWithValidCredentials" time="2.151"/>
</testsuite> <!-- com.lao.testcases.TS_001_LoginFunctionalities -->
